<?xml version="1.0"?>

<PropertyList>

	<path>test-marker.ac</path>

	<nopreview/>

	<effect>
	  <inherits-from>Aircraft/JA37/Models/Effects/ja37-metal</inherits-from>
	  <object-name>Cone</object-name>
	</effect>

</PropertyList>